0 info it worked if it ends with ok
1 verbose cli [ 'C:\\node.exe',
1 verbose cli   'C:\\node_modules\\npm\\bin\\npm-cli.js',
1 verbose cli   'install',
1 verbose cli   'git',
1 verbose cli   '-',
1 verbose cli   'g' ]
2 info using npm@3.10.8
3 info using node@v6.9.1
4 silly loadCurrentTree Starting
5 silly install loadCurrentTree
6 silly install readLocalPackageData
7 silly fetchPackageMetaData git
8 silly fetchPackageMetaData -
9 silly fetchPackageMetaData g
10 silly fetchNamedPackageData git
11 silly mapToRegistry name git
12 silly mapToRegistry using default registry
13 silly mapToRegistry registry https://registry.npmjs.org/
14 silly mapToRegistry data Result {
14 silly mapToRegistry   raw: 'git',
14 silly mapToRegistry   scope: null,
14 silly mapToRegistry   escapedName: 'git',
14 silly mapToRegistry   name: 'git',
14 silly mapToRegistry   rawSpec: '',
14 silly mapToRegistry   spec: 'latest',
14 silly mapToRegistry   type: 'tag' }
15 silly mapToRegistry uri https://registry.npmjs.org/git
16 silly fetchOtherPackageData -
17 silly cache add args [ '-', null ]
18 verbose cache add spec -
19 silly fetchNamedPackageData g
20 silly mapToRegistry name g
21 silly mapToRegistry using default registry
22 silly mapToRegistry registry https://registry.npmjs.org/
23 silly mapToRegistry data Result {
23 silly mapToRegistry   raw: 'g',
23 silly mapToRegistry   scope: null,
23 silly mapToRegistry   escapedName: 'g',
23 silly mapToRegistry   name: 'g',
23 silly mapToRegistry   rawSpec: '',
23 silly mapToRegistry   spec: 'latest',
23 silly mapToRegistry   type: 'tag' }
24 silly mapToRegistry uri https://registry.npmjs.org/g
25 verbose request uri https://registry.npmjs.org/git
26 verbose request no auth needed
27 info attempt registry request try #1 at 5:39:30 AM
28 verbose request id 83d794c16fd43cfe
29 http request GET https://registry.npmjs.org/git
30 silly cache add parsed spec Result {
30 silly cache add   raw: '-',
30 silly cache add   scope: null,
30 silly cache add   escapedName: null,
30 silly cache add   name: null,
30 silly cache add   rawSpec: '-',
30 silly cache add   spec: 'C:\\Users\\Morrice\\web-practise\\-',
30 silly cache add   type: 'local' }
31 verbose request uri https://registry.npmjs.org/g
32 verbose request no auth needed
33 info attempt registry request try #1 at 5:39:30 AM
34 http request GET https://registry.npmjs.org/g
35 error addLocal Could not install C:\Users\Morrice\web-practise\-
36 silly fetchPackageMetaData Error: ENOENT: no such file or directory, open 'C:\Users\Morrice\web-practise\-'
36 silly fetchPackageMetaData     at Error (native)
36 silly fetchPackageMetaData  error for - { Error: ENOENT: no such file or directory, open 'C:\Users\Morrice\web-practise\-'
36 silly fetchPackageMetaData     at Error (native)
36 silly fetchPackageMetaData   errno: -4058,
36 silly fetchPackageMetaData   code: 'ENOENT',
36 silly fetchPackageMetaData   syscall: 'open',
36 silly fetchPackageMetaData   path: 'C:\\Users\\Morrice\\web-practise\\-' }
37 http 200 https://registry.npmjs.org/g
38 verbose headers { server: 'CouchDB/1.5.0 (Erlang OTP/R16B03)',
38 verbose headers   etag: '"5IBAML63Y5Y7Q10E1FX7BLFSO"',
38 verbose headers   'content-type': 'application/json',
38 verbose headers   'content-encoding': 'gzip',
38 verbose headers   'cache-control': 'max-age=300',
38 verbose headers   'content-length': '1885',
38 verbose headers   'accept-ranges': 'bytes',
38 verbose headers   date: 'Sat, 22 Oct 2016 09:39:30 GMT',
38 verbose headers   via: '1.1 varnish',
38 verbose headers   age: '0',
38 verbose headers   connection: 'keep-alive',
38 verbose headers   'x-served-by': 'cache-jfk8137-JFK',
38 verbose headers   'x-cache': 'MISS',
38 verbose headers   'x-cache-hits': '0',
38 verbose headers   'x-timer': 'S1477129170.434290,VS0,VE105',
38 verbose headers   vary: 'Accept-Encoding' }
39 silly get cb [ 200,
39 silly get   { server: 'CouchDB/1.5.0 (Erlang OTP/R16B03)',
39 silly get     etag: '"5IBAML63Y5Y7Q10E1FX7BLFSO"',
39 silly get     'content-type': 'application/json',
39 silly get     'content-encoding': 'gzip',
39 silly get     'cache-control': 'max-age=300',
39 silly get     'content-length': '1885',
39 silly get     'accept-ranges': 'bytes',
39 silly get     date: 'Sat, 22 Oct 2016 09:39:30 GMT',
39 silly get     via: '1.1 varnish',
39 silly get     age: '0',
39 silly get     connection: 'keep-alive',
39 silly get     'x-served-by': 'cache-jfk8137-JFK',
39 silly get     'x-cache': 'MISS',
39 silly get     'x-cache-hits': '0',
39 silly get     'x-timer': 'S1477129170.434290,VS0,VE105',
39 silly get     vary: 'Accept-Encoding' } ]
40 verbose get saving g to C:\Users\Morrice\AppData\Roaming\npm-cache\registry.npmjs.org\g\.cache.json
41 verbose correctMkdir C:\Users\Morrice\AppData\Roaming\npm-cache correctMkdir not in flight; initializing
42 http 200 https://registry.npmjs.org/git
43 verbose headers { server: 'CouchDB/1.5.0 (Erlang OTP/R16B03)',
43 verbose headers   etag: '"9L8E6N9EJNV3RHTA49JNZT17Y"',
43 verbose headers   'content-type': 'application/json',
43 verbose headers   'content-encoding': 'gzip',
43 verbose headers   'cache-control': 'max-age=300',
43 verbose headers   'content-length': '2549',
43 verbose headers   'accept-ranges': 'bytes',
43 verbose headers   date: 'Sat, 22 Oct 2016 09:39:30 GMT',
43 verbose headers   via: '1.1 varnish',
43 verbose headers   age: '0',
43 verbose headers   connection: 'keep-alive',
43 verbose headers   'x-served-by': 'cache-jfk8149-JFK',
43 verbose headers   'x-cache': 'MISS',
43 verbose headers   'x-cache-hits': '0',
43 verbose headers   'x-timer': 'S1477129170.429137,VS0,VE403',
43 verbose headers   vary: 'Accept-Encoding' }
44 silly get cb [ 200,
44 silly get   { server: 'CouchDB/1.5.0 (Erlang OTP/R16B03)',
44 silly get     etag: '"9L8E6N9EJNV3RHTA49JNZT17Y"',
44 silly get     'content-type': 'application/json',
44 silly get     'content-encoding': 'gzip',
44 silly get     'cache-control': 'max-age=300',
44 silly get     'content-length': '2549',
44 silly get     'accept-ranges': 'bytes',
44 silly get     date: 'Sat, 22 Oct 2016 09:39:30 GMT',
44 silly get     via: '1.1 varnish',
44 silly get     age: '0',
44 silly get     connection: 'keep-alive',
44 silly get     'x-served-by': 'cache-jfk8149-JFK',
44 silly get     'x-cache': 'MISS',
44 silly get     'x-cache-hits': '0',
44 silly get     'x-timer': 'S1477129170.429137,VS0,VE403',
44 silly get     vary: 'Accept-Encoding' } ]
45 verbose get saving git to C:\Users\Morrice\AppData\Roaming\npm-cache\registry.npmjs.org\git\.cache.json
46 verbose correctMkdir C:\Users\Morrice\AppData\Roaming\npm-cache correctMkdir not in flight; initializing
47 silly rollbackFailedOptional Starting
48 silly rollbackFailedOptional Finishing
49 silly runTopLevelLifecycles Finishing
50 silly install printInstalled
51 verbose stack Error: ENOENT: no such file or directory, open 'C:\Users\Morrice\web-practise\-'
51 verbose stack     at Error (native)
52 verbose cwd C:\Users\Morrice\web-practise
53 error Windows_NT 10.0.14393
54 error argv "C:\\node.exe" "C:\\node_modules\\npm\\bin\\npm-cli.js" "install" "git" "-" "g"
55 error node v6.9.1
56 error npm  v3.10.8
57 error path C:\Users\Morrice\web-practise\-
58 error code ENOENT
59 error errno -4058
60 error syscall open
61 error enoent ENOENT: no such file or directory, open 'C:\Users\Morrice\web-practise\-'
62 error enoent ENOENT: no such file or directory, open 'C:\Users\Morrice\web-practise\-'
62 error enoent This is most likely not a problem with npm itself
62 error enoent and is related to npm not being able to find a file.
63 verbose exit [ -4058, true ]
